<?xml version="1.0" encoding="UTF-8"?>
<!-- Generated by org.testng.reporters.JUnitReportReporter -->
<testsuite skipped="0" hostname="DESKTOP-6OTCP28" name="com.dbs.qa.testcases.SustainabilityPageTest" tests="2" failures="0" timestamp="04 Aug 2020 07:46:16 GMT" time="32.563" errors="0">
  <testcase name="sustainabilityPageTitleTest" time="14.772" classname="com.dbs.qa.testcases.SustainabilityPageTest"/>
  <testcase name="clickCreatingSocialImpactTest" time="17.791" classname="com.dbs.qa.testcases.SustainabilityPageTest"/>
</testsuite> <!-- com.dbs.qa.testcases.SustainabilityPageTest -->
