<?xml version="1.0" encoding="UTF-8"?>
<!-- Generated by org.testng.reporters.JUnitReportReporter -->
<testsuite skipped="0" hostname="DESKTOP-6OTCP28" name="com.dbs.qa.testcases.FirstPageTest" tests="2" failures="0" timestamp="04 Aug 2020 07:46:16 GMT" time="25.912" errors="0">
  <testcase name="defaultPageTitleTest" time="9.170" classname="com.dbs.qa.testcases.FirstPageTest"/>
  <testcase name="clickSustainabilityTest" time="16.742" classname="com.dbs.qa.testcases.FirstPageTest"/>
</testsuite> <!-- com.dbs.qa.testcases.FirstPageTest -->
