<?xml version="1.0" encoding="UTF-8"?>
<!-- Generated by org.testng.reporters.JUnitReportReporter -->
<testsuite skipped="0" hostname="DESKTOP-6OTCP28" name="com.dbs.qa.testcases.CreatingSocialImpactPageTest" tests="2" failures="0" timestamp="04 Aug 2020 07:46:16 GMT" time="34.913" errors="0">
  <testcase name="socialImapctPageTitleTest" time="16.821" classname="com.dbs.qa.testcases.CreatingSocialImpactPageTest"/>
  <testcase name="gotoDBSStrongTogetherTest" time="18.092" classname="com.dbs.qa.testcases.CreatingSocialImpactPageTest"/>
</testsuite> <!-- com.dbs.qa.testcases.CreatingSocialImpactPageTest -->
