<?xml version="1.0" encoding="UTF-8"?>
<!-- Generated by org.testng.reporters.JUnitReportReporter -->
<testsuite skipped="0" hostname="DESKTOP-6OTCP28" name="com.dbs.qa.testcases.CreatingSocialImpactPageTest" tests="2" failures="0" timestamp="02 Aug 2020 19:38:44 GMT" time="28.034" errors="0">
  <testcase name="socialImapctPageTitleTest" time="13.970" classname="com.dbs.qa.testcases.CreatingSocialImpactPageTest"/>
  <testcase name="gotoDBSStrongTogetherTest" time="14.064" classname="com.dbs.qa.testcases.CreatingSocialImpactPageTest"/>
</testsuite> <!-- com.dbs.qa.testcases.CreatingSocialImpactPageTest -->
