<?xml version="1.0" encoding="UTF-8"?>
<!-- Generated by org.testng.reporters.JUnitReportReporter -->
<testsuite skipped="0" hostname="DESKTOP-6OTCP28" name="com.dbs.qa.testcases.SingaporePageTest" tests="2" failures="0" timestamp="04 Aug 2020 07:46:16 GMT" time="103.232" errors="0">
  <testcase name="getSingaporePageTitle" time="76.601" classname="com.dbs.qa.testcases.SingaporePageTest"/>
  <testcase name="readAndWriteTableTest" time="26.631" classname="com.dbs.qa.testcases.SingaporePageTest"/>
</testsuite> <!-- com.dbs.qa.testcases.SingaporePageTest -->
