<?xml version="1.0" encoding="UTF-8"?>
<!-- Generated by org.testng.reporters.JUnitReportReporter -->
<testsuite skipped="0" hostname="DESKTOP-6OTCP28" name="com.dbs.qa.testcases.OurAwardsPageTest" tests="2" failures="0" timestamp="02 Aug 2020 19:38:44 GMT" time="146.143" errors="0">
  <testcase name="getPageTitle" time="21.438" classname="com.dbs.qa.testcases.OurAwardsPageTest"/>
  <testcase name="takeAwardListTest" time="124.705" classname="com.dbs.qa.testcases.OurAwardsPageTest"/>
</testsuite> <!-- com.dbs.qa.testcases.OurAwardsPageTest -->
