<?xml version="1.0" encoding="UTF-8"?>
<!-- Generated by org.testng.reporters.JUnitReportReporter -->
<testsuite skipped="0" hostname="DESKTOP-6OTCP28" name="com.dbs.qa.testcases.WhoWeArePageTest" tests="2" failures="0" timestamp="02 Aug 2020 19:38:44 GMT" time="42.958" errors="0">
  <testcase name="getWoWeArePageTitleTest" time="19.746" classname="com.dbs.qa.testcases.WhoWeArePageTest"/>
  <testcase name="navigateToAwardPageTest" time="23.212" classname="com.dbs.qa.testcases.WhoWeArePageTest"/>
</testsuite> <!-- com.dbs.qa.testcases.WhoWeArePageTest -->
