<?xml version="1.0" encoding="UTF-8"?>
<!-- Generated by org.testng.reporters.JUnitReportReporter -->
<testsuite skipped="0" hostname="DESKTOP-6OTCP28" name="com.dbs.qa.testcases.AboutPageTest" tests="2" failures="0" timestamp="02 Aug 2020 19:38:44 GMT" time="37.925" errors="0">
  <testcase name="getAboutPageTitle" time="16.882" classname="com.dbs.qa.testcases.AboutPageTest"/>
  <testcase name="goToWhoWeAre" time="21.043" classname="com.dbs.qa.testcases.AboutPageTest"/>
</testsuite> <!-- com.dbs.qa.testcases.AboutPageTest -->
