<?xml version="1.0" encoding="UTF-8"?>
<!-- Generated by org.testng.reporters.JUnitReportReporter -->
<testsuite skipped="0" hostname="DESKTOP-6OTCP28" name="com.dbs.qa.testcases.SingaporePageTest" tests="2" failures="0" timestamp="02 Aug 2020 19:38:44 GMT" time="40.009" errors="0">
  <testcase name="getSingaporePageTitle" time="17.788" classname="com.dbs.qa.testcases.SingaporePageTest"/>
  <testcase name="readAndWriteTableTest" time="22.221" classname="com.dbs.qa.testcases.SingaporePageTest"/>
</testsuite> <!-- com.dbs.qa.testcases.SingaporePageTest -->
