<?xml version="1.0" encoding="UTF-8"?>
<!-- Generated by org.testng.reporters.JUnitReportReporter -->
<testsuite skipped="0" hostname="DESKTOP-6OTCP28" name="com.dbs.qa.testcases.FirstPageTest" tests="2" failures="0" timestamp="02 Aug 2020 19:38:44 GMT" time="22.743" errors="0">
  <testcase name="defaultPageTitleTest" time="8.373" classname="com.dbs.qa.testcases.FirstPageTest"/>
  <testcase name="clickSustainabilityTest" time="14.370" classname="com.dbs.qa.testcases.FirstPageTest"/>
</testsuite> <!-- com.dbs.qa.testcases.FirstPageTest -->
